2026-03-10 18:26:00,924c768f-0a8e-40f7-86e7-f30f2dde1c64,request,APP_55667788,459 248 4365,sms,english,10,PARAM_28374114;PARAM_08352538,success,1,yes,1998-05-01
2026-03-10 18:26:01,7452373e-5398-4b6d-b8c9-53a61ea03e72,consent,APP_10293847,561 669 3158,ivr,english,10,PARAM_28374114;PARAM_08352538,success,0,no,1995-07-06
2026-03-10 18:26:02,84f2c660-5e4a-4e9b-86d9-d01775cc28ee,consent,APP_27182818,860 287 7542,sms,english,54,PARAM_11112222;PARAM_33334444,failed,0,no,2004-02-19
2026-03-10 18:26:03,3692cdcb-7b08-4357-a1fa-9d470763a251,request,APP_55667788,388 743 7727,digital,sinhala,54,PARAM_55556666;PARAM_77778888,success,1,no,2004-01-19
2026-03-10 18:26:04,6eee5461-05b9-4287-844f-5d6f981d3f66,request,APP_10293847,117 235 8880,digital,sinhala,10,PARAM_55556666;PARAM_77778888,success,1,no,1990-12-30
2026-03-10 18:26:05,fba0b4bd-547d-4f15-8b89-3991fd3d2adc,callback,APP_10293847,841 672 0028,sms,english,10,PARAM_28374114;PARAM_08352538,failed,1,no,2006-02-24
2026-03-10 18:26:06,f2ef1c78-db12-4fa3-ad20-cfc5f030b4a9,callback,APP_55667788,437 849 3544,ivr,english,12,PARAM_28374114;PARAM_08352538,failed,1,yes,2001-12-02
2026-03-10 18:26:07,5870298c-bd87-4d49-805d-2fa2d37ca996,consent,APP_27182818,112 203 4348,ussd,tamil,10,PARAM_11112222;PARAM_33334444,success,0,no,1996-08-08
2026-03-10 18:26:08,555168cb-1753-467c-a3b8-93f2d6ab76b4,response,APP_31415926,336 409 7584,ussd,sinhala,12,PARAM_11112222;PARAM_33334444,success,1,yes,2007-07-25
2026-03-10 18:26:09,c8dbe8ed-540b-4d7b-8998-a8248f0850c9,request,APP_27182818,891 263 7099,sms,tamil,10,PARAM_11112222;PARAM_33334444,failed,1,no,1994-08-15
2026-03-10 18:26:10,f652c8d4-32ee-4305-b0eb-6e289a49eca0,consent,APP_10293847,418 347 1044,sms,english,10,PARAM_55556666;PARAM_77778888,failed,1,yes,1996-12-28
2026-03-10 18:26:11,f5f7a63f-fed3-4c7c-988e-38b1c448e230,callback,APP_10293847,850 296 4580,ivr,english,10,PARAM_55556666;PARAM_77778888,failed,1,no,1995-03-03
2026-03-10 18:26:12,06ce2d67-3409-4bad-bcde-a1b57a331c4d,consent,APP_31415926,250 824 7920,ivr,sinhala,10,PARAM_11112222;PARAM_33334444,success,1,no,1993-04-20
2026-03-10 18:26:13,74b1f411-152d-4765-9327-68195d827ffb,request,APP_31415926,205 849 5495,digital,tamil,54,PARAM_28374114;PARAM_08352538,failed,0,yes,1992-12-16
2026-03-10 18:26:14,ee2b7ee7-af67-4591-8d0d-8198e61634af,callback,APP_55667788,492 452 3605,digital,english,54,PARAM_28374114;PARAM_08352538,success,1,yes,2005-04-30
2026-03-10 18:26:15,5ecfdcda-d1ba-4eac-9c52-c0761f4a551d,request,APP_10293847,919 548 4026,ivr,sinhala,54,PARAM_28374114;PARAM_08352538,failed,0,no,1992-06-25
2026-03-10 18:26:16,dd50c575-8d59-4396-ae43-33733654a760,consent,APP_10293847,601 889 0011,ivr,tamil,54,PARAM_11112222;PARAM_33334444,failed,1,yes,2006-05-14
2026-03-10 18:26:17,33fa5304-91c8-4ddd-bd05-5d40a923804c,consent,APP_10293847,538 792 4426,ivr,sinhala,54,PARAM_28374114;PARAM_08352538,failed,1,yes,1995-03-08
2026-03-10 18:26:18,d3601df9-5782-48c2-af0a-d94c31aafa35,response,APP_31415926,874 558 4957,digital,sinhala,10,PARAM_28374114;PARAM_08352538,failed,0,no,1990-01-22
2026-03-10 18:26:19,938e392c-e1c0-44a5-84d6-75ff672a279c,callback,APP_10293847,508 705 1780,ussd,english,12,PARAM_28374114;PARAM_08352538,success,0,no,1991-12-11
2026-03-10 18:26:20,33ab13fd-8b13-4602-8534-f51f998ca82e,response,APP_31415926,397 639 4710,digital,tamil,54,PARAM_11112222;PARAM_33334444,success,0,no,1999-09-02
2026-03-10 18:26:21,a71104f1-3f9c-4fe9-8b84-2d323bda4353,callback,APP_55667788,356 377 8522,digital,english,54,PARAM_11112222;PARAM_33334444,success,0,yes,2001-11-06
2026-03-10 18:26:22,901cd3fb-9ff7-47f6-bed5-9f079eab0b5a,consent,APP_31415926,606 597 7333,ussd,english,10,PARAM_28374114;PARAM_08352538,failed,1,yes,2002-05-03
2026-03-10 18:26:23,aa559a44-6161-477f-954f-f0c673be6aa0,response,APP_31415926,208 832 1108,sms,sinhala,12,PARAM_55556666;PARAM_77778888,failed,0,yes,2002-04-24
2026-03-10 18:26:24,1af39923-eefd-485c-bf18-69e5fd4d2b20,consent,APP_27182818,744 176 4535,digital,english,10,PARAM_11112222;PARAM_33334444,success,1,no,1997-07-02
2026-03-10 18:26:25,47257554-7c87-4d09-973f-c2ba23567ad2,request,APP_31415926,322 854 1312,sms,sinhala,54,PARAM_11112222;PARAM_33334444,failed,0,no,2008-03-28
2026-03-10 18:26:26,10dff288-5db0-4515-9795-0d9a49c27358,callback,APP_55667788,836 319 1426,ivr,sinhala,12,PARAM_11112222;PARAM_33334444,failed,0,no,2002-11-30
2026-03-10 18:26:27,772a01a7-ae9d-48d8-976d-613d36932db9,callback,APP_31415926,551 114 7281,sms,english,54,PARAM_11112222;PARAM_33334444,failed,1,no,1992-01-06
2026-03-10 18:26:28,52394016-66b4-46bd-a13b-de9dfd54716b,callback,APP_55667788,369 111 7447,digital,tamil,10,PARAM_55556666;PARAM_77778888,success,1,no,1993-03-24
2026-03-10 18:26:29,c43b32b6-1735-420c-ba3d-7f1960c95cf7,response,APP_55667788,538 980 7089,ussd,sinhala,54,PARAM_11112222;PARAM_33334444,failed,0,no,2004-11-13
2026-03-10 18:26:30,93210cc5-ae1b-4d74-bc7b-51ef4de7744e,request,APP_27182818,225 185 2443,digital,tamil,12,PARAM_55556666;PARAM_77778888,failed,0,yes,1992-09-04
2026-03-10 18:26:31,b9cda67b-dcea-43ae-8e52-8be93408f1d4,request,APP_27182818,574 684 4197,digital,sinhala,54,PARAM_11112222;PARAM_33334444,failed,0,no,1996-01-05
2026-03-10 18:26:32,5b43ee55-dada-4a06-9690-f8c94927c0c5,response,APP_55667788,928 531 5584,ivr,english,10,PARAM_28374114;PARAM_08352538,success,1,yes,1994-09-13
2026-03-10 18:26:33,7f4d3a99-b7f5-47d0-b267-c5071371cf59,request,APP_10293847,111 125 5094,ivr,tamil,54,PARAM_28374114;PARAM_08352538,success,0,yes,1999-04-22
2026-03-10 18:26:34,87daf35b-340d-4b47-805d-c0815e7e83b4,request,APP_55667788,602 787 1269,digital,sinhala,12,PARAM_28374114;PARAM_08352538,success,0,yes,1996-05-22
2026-03-10 18:26:35,ec4c3258-8a9c-4fba-9801-c9761f795a66,request,APP_55667788,169 742 5858,digital,tamil,54,PARAM_55556666;PARAM_77778888,failed,0,yes,1996-05-13
2026-03-10 18:26:36,f02e91b6-28db-4022-9375-9a406fc407a7,request,APP_55667788,516 275 2111,ussd,english,54,PARAM_28374114;PARAM_08352538,success,0,yes,2004-05-01
2026-03-10 18:26:37,529c3ea4-6f1e-434f-98b6-659d368a5263,request,APP_31415926,403 375 3308,ussd,sinhala,10,PARAM_28374114;PARAM_08352538,success,0,no,2007-02-05
2026-03-10 18:26:38,002f4877-b0df-46d7-b975-1e177db74565,request,APP_31415926,260 498 9588,digital,tamil,12,PARAM_28374114;PARAM_08352538,failed,1,yes,1998-01-17
2026-03-10 18:26:39,f5989c8d-1f52-4508-8853-5e453bb903cc,consent,APP_10293847,625 808 2203,ivr,sinhala,12,PARAM_11112222;PARAM_33334444,success,0,yes,2007-06-10
2026-03-10 18:26:40,f8bbffe6-8986-4a68-a0d3-7aa52edfcd2c,callback,APP_27182818,965 919 2956,digital,english,12,PARAM_28374114;PARAM_08352538,failed,0,no,2006-06-27
2026-03-10 18:26:41,6945c66b-f69c-4f65-b691-9e9265634325,request,APP_10293847,426 846 6772,ivr,tamil,54,PARAM_28374114;PARAM_08352538,success,0,no,2007-07-28
2026-03-10 18:26:42,e0e39d1a-11d9-4367-99f8-20c99ede6735,consent,APP_55667788,122 136 2204,ussd,sinhala,12,PARAM_55556666;PARAM_77778888,success,1,no,2004-11-12
2026-03-10 18:26:43,5dc4a060-5434-4199-929e-0c07b1692f5f,request,APP_27182818,953 472 9741,sms,tamil,12,PARAM_28374114;PARAM_08352538,success,0,no,2008-12-14
2026-03-10 18:26:44,12ebe865-f58a-4f7a-825b-aeb3fe15014d,request,APP_10293847,783 123 6272,ussd,tamil,12,PARAM_11112222;PARAM_33334444,failed,1,no,2002-11-16
2026-03-10 18:26:45,916cb5cb-f213-43eb-9c38-d5951eaba88e,consent,APP_27182818,821 266 6375,digital,tamil,54,PARAM_28374114;PARAM_08352538,success,1,no,2000-05-31
2026-03-10 18:26:46,5f192cf8-d571-4b63-84db-7fb42c425c4d,response,APP_10293847,947 882 9837,ivr,tamil,12,PARAM_11112222;PARAM_33334444,success,1,no,2006-05-30
2026-03-10 18:26:47,33ecda4e-3ae7-43e0-8606-59afd72d7a21,consent,APP_55667788,133 942 9597,ussd,english,54,PARAM_28374114;PARAM_08352538,success,1,no,1994-03-07
2026-03-10 18:26:48,8e5637ce-9807-4db5-b035-85c5d3e74e5f,consent,APP_27182818,664 149 9511,ussd,sinhala,10,PARAM_11112222;PARAM_33334444,failed,0,no,1994-09-24
2026-03-10 18:26:49,16212d4c-a9d1-42b0-8e34-b4ed1017a351,request,APP_55667788,254 169 1595,ussd,sinhala,12,PARAM_28374114;PARAM_08352538,success,0,yes,2003-06-02
2026-03-10 18:26:50,7035ffc6-95f9-43c8-82d9-5584a5dc715d,request,APP_31415926,508 452 7948,digital,english,12,PARAM_55556666;PARAM_77778888,success,0,no,1993-06-30
2026-03-10 18:26:51,55eb2c04-d5a6-4805-9313-bfdd118f9da2,request,APP_55667788,831 753 5419,ivr,sinhala,10,PARAM_11112222;PARAM_33334444,success,1,yes,2004-04-16
2026-03-10 18:26:52,731b997b-b9a8-4df0-aaee-92fe1e415b94,consent,APP_27182818,845 282 3125,digital,english,54,PARAM_11112222;PARAM_33334444,failed,1,no,2008-11-29
2026-03-10 18:26:53,24156cba-c698-4f77-9f91-1490f06a3626,callback,APP_31415926,511 637 0640,ivr,english,10,PARAM_55556666;PARAM_77778888,failed,1,yes,1993-10-31
2026-03-10 18:26:54,17b606cc-8b0b-4125-bab3-36ef8817c474,response,APP_31415926,861 836 3182,ussd,sinhala,10,PARAM_11112222;PARAM_33334444,failed,0,no,2004-11-07
2026-03-10 18:26:55,0b3b6a5d-4558-4332-8613-4290cff3ca76,consent,APP_10293847,112 954 9433,ivr,sinhala,12,PARAM_28374114;PARAM_08352538,failed,1,yes,2001-06-09
2026-03-10 18:26:56,8f59f727-bb7b-4194-9e39-7e16707950d3,request,APP_55667788,973 785 0152,ussd,tamil,12,PARAM_28374114;PARAM_08352538,failed,0,no,2006-01-13
2026-03-10 18:26:57,f8c5acd6-3a78-41e3-a273-6dca1b4964d6,request,APP_55667788,289 208 2950,digital,sinhala,10,PARAM_28374114;PARAM_08352538,success,0,no,1990-09-26
2026-03-10 18:26:58,b65204e9-56d4-4d05-bc81-71634a6eba25,consent,APP_31415926,806 128 7983,ivr,sinhala,54,PARAM_28374114;PARAM_08352538,failed,1,yes,1999-01-02
2026-03-10 18:26:59,36ad4312-a18c-407a-831d-251ec3398fa2,consent,APP_31415926,466 184 9059,digital,english,10,PARAM_11112222;PARAM_33334444,success,0,yes,2002-02-02
2026-03-10 18:27:00,20410e94-14dd-4db1-9739-c851c4252e30,consent,APP_31415926,107 270 8488,ivr,english,54,PARAM_55556666;PARAM_77778888,failed,0,no,1993-02-22
2026-03-10 18:27:01,167fbbf7-224f-452f-86ad-6b685d524556,consent,APP_27182818,598 801 9163,sms,english,54,PARAM_11112222;PARAM_33334444,success,1,yes,1993-06-17
2026-03-10 18:27:02,ffbce8e2-c88e-4b01-b01d-f667a002b206,consent,APP_27182818,355 839 3442,digital,tamil,54,PARAM_28374114;PARAM_08352538,success,0,no,2004-08-16
2026-03-10 18:27:03,b3af1093-e4ef-488b-b6b5-317dbc95b4a2,request,APP_10293847,772 129 2005,ivr,english,10,PARAM_11112222;PARAM_33334444,failed,0,no,2001-05-01
2026-03-10 18:27:04,31ccc10d-16b1-4aed-8cca-1c9d8f8264b1,callback,APP_31415926,749 667 9933,ivr,english,10,PARAM_55556666;PARAM_77778888,failed,1,yes,2001-03-29
2026-03-10 18:27:05,a24e48bc-9437-4649-9e31-f70207ae31e3,request,APP_55667788,466 283 5635,ussd,tamil,10,PARAM_11112222;PARAM_33334444,failed,0,yes,2006-04-15
2026-03-10 18:27:06,df333356-3a06-4362-927f-5e5f13515eb1,callback,APP_27182818,437 338 6831,ussd,sinhala,54,PARAM_28374114;PARAM_08352538,success,0,yes,1999-05-17
2026-03-10 18:27:07,c50ffdab-4d49-4fc0-b2f7-f8a545831a77,callback,APP_10293847,493 684 1675,ussd,sinhala,10,PARAM_28374114;PARAM_08352538,success,1,yes,2001-12-30
2026-03-10 18:27:08,e41950c9-2530-4047-ab3c-fdf3ae029855,response,APP_31415926,786 226 7492,digital,sinhala,10,PARAM_55556666;PARAM_77778888,failed,0,no,1991-02-28
2026-03-10 18:27:09,5b22e945-c60f-4cb0-a5f3-29da06fe2333,consent,APP_27182818,301 480 0309,ussd,tamil,12,PARAM_11112222;PARAM_33334444,failed,0,yes,2000-06-29
2026-03-10 18:27:10,49cdd557-9218-441e-98e1-eb220ca0e121,response,APP_55667788,867 864 7665,digital,tamil,54,PARAM_11112222;PARAM_33334444,failed,0,no,1991-08-20
2026-03-10 18:27:11,76585b96-6bd8-482e-a5a4-93f191a5e56d,response,APP_31415926,583 466 4053,ivr,sinhala,10,PARAM_55556666;PARAM_77778888,failed,1,no,2000-02-08
2026-03-10 18:27:12,a2f76905-e59a-46ff-b58a-70fa8b4f69ce,callback,APP_10293847,959 416 5586,digital,tamil,54,PARAM_55556666;PARAM_77778888,success,0,yes,1994-08-24
2026-03-10 18:27:13,bf5c067b-f34f-4f04-99a1-50db00319f1f,request,APP_10293847,254 893 2783,digital,sinhala,12,PARAM_55556666;PARAM_77778888,success,0,no,1996-11-15
2026-03-10 18:27:14,109158c4-8d2a-4785-928d-388654a90bcc,consent,APP_31415926,200 625 8575,ussd,sinhala,54,PARAM_28374114;PARAM_08352538,success,0,no,2006-07-11
2026-03-10 18:27:15,597bddb0-6916-439c-9d2b-71c9341e9aef,request,APP_10293847,756 877 5144,digital,sinhala,12,PARAM_55556666;PARAM_77778888,success,1,no,2007-06-12
2026-03-10 18:27:16,156c15cf-909e-4b5e-8311-26de70958138,response,APP_31415926,272 996 7679,digital,english,54,PARAM_55556666;PARAM_77778888,success,0,yes,1992-02-12
2026-03-10 18:27:17,b3d7d7fe-877f-4f91-9799-7c0e61ed6de1,request,APP_31415926,661 555 5203,sms,tamil,12,PARAM_11112222;PARAM_33334444,failed,1,yes,1992-05-19
2026-03-10 18:27:18,b58c42f6-8dff-466d-91d7-e368e3ac48c0,request,APP_31415926,450 528 9947,digital,sinhala,12,PARAM_55556666;PARAM_77778888,failed,1,yes,2005-05-27
2026-03-10 18:27:19,e9baf14a-bb87-4150-be83-5075e0d6944c,consent,APP_27182818,893 876 5505,sms,english,12,PARAM_11112222;PARAM_33334444,success,1,yes,1992-05-01
2026-03-10 18:27:20,f0fd728b-0b15-4d5f-ba5d-5a5c58d15475,callback,APP_10293847,440 174 8274,sms,tamil,12,PARAM_11112222;PARAM_33334444,failed,0,no,1998-11-09
2026-03-10 18:27:21,64bbdf22-3197-424b-9874-0da2f3106655,callback,APP_10293847,323 937 2942,sms,sinhala,10,PARAM_11112222;PARAM_33334444,success,0,no,2007-12-02
2026-03-10 18:27:22,b93e6d39-568c-4231-a2ab-9e94c7fb1bc4,consent,APP_55667788,688 328 2313,sms,english,54,PARAM_55556666;PARAM_77778888,failed,1,yes,2005-10-13
2026-03-10 18:27:23,6ef2bcbb-c94b-4c8c-a48f-e1330648ce65,consent,APP_27182818,722 568 6073,ivr,tamil,12,PARAM_11112222;PARAM_33334444,failed,1,no,1998-07-07
2026-03-10 18:27:24,646c6e15-aa9a-4622-a68b-f291fac78879,consent,APP_10293847,599 331 2747,ivr,tamil,10,PARAM_11112222;PARAM_33334444,failed,1,no,2000-05-04
2026-03-10 18:27:25,9f58617e-53d3-4ff4-81aa-198a9c576d7e,response,APP_10293847,374 707 3884,sms,tamil,54,PARAM_55556666;PARAM_77778888,failed,1,no,1991-05-21
2026-03-10 18:27:26,c95eca52-af5e-4eb3-8aee-585d1e618cc4,request,APP_10293847,102 907 5098,ivr,english,10,PARAM_55556666;PARAM_77778888,success,0,yes,1997-01-26
2026-03-10 18:27:27,d4ecc967-47b0-4cc5-bc7a-8aa7cd53d7d5,request,APP_55667788,351 241 1297,digital,tamil,54,PARAM_55556666;PARAM_77778888,success,0,yes,1998-03-19
2026-03-10 18:27:28,5d5790b1-8254-4045-8cec-044ada8ce0ac,consent,APP_31415926,541 178 7832,ussd,sinhala,54,PARAM_55556666;PARAM_77778888,success,1,no,2001-08-16
2026-03-10 18:27:29,e9d8cc88-2f20-45b3-9fb0-f18d9a5efb61,response,APP_27182818,306 969 9179,ussd,sinhala,12,PARAM_28374114;PARAM_08352538,failed,0,yes,2006-04-07
2026-03-10 18:27:30,916c6f0f-aa31-4211-9a6f-314ae783d7a4,consent,APP_10293847,506 285 1813,ussd,tamil,12,PARAM_55556666;PARAM_77778888,failed,0,yes,1997-06-03
2026-03-10 18:27:31,8a50eb3d-3910-44e6-99d6-ac0ef822b0fa,request,APP_31415926,791 424 8674,ussd,english,54,PARAM_11112222;PARAM_33334444,success,1,no,2002-08-27
2026-03-10 18:27:32,c260f225-ef85-4063-ad62-84d2afc1fed1,request,APP_10293847,886 276 1615,ussd,english,54,PARAM_28374114;PARAM_08352538,success,1,no,1990-05-10
2026-03-10 18:27:33,da59eff7-3738-4c70-a723-7d5a3849b5ed,response,APP_55667788,146 280 9720,ussd,tamil,54,PARAM_55556666;PARAM_77778888,success,0,no,2006-11-06
2026-03-10 18:27:34,329bc173-006b-4dca-8c09-4a8a475b45a6,response,APP_31415926,567 214 7894,digital,sinhala,10,PARAM_11112222;PARAM_33334444,failed,0,yes,2005-09-21
2026-03-10 18:27:35,7eab0129-c172-4d4d-9747-2f755f542cdb,consent,APP_55667788,317 592 4662,ivr,english,10,PARAM_55556666;PARAM_77778888,failed,1,no,2005-10-07
2026-03-10 18:27:36,1a8b86c9-f408-454c-b7c1-223418a466c1,consent,APP_55667788,348 890 2003,sms,tamil,54,PARAM_28374114;PARAM_08352538,failed,1,yes,2002-12-11
2026-03-10 18:27:37,b8b7a7f5-7d43-433f-9d7b-6dd00d5175db,response,APP_55667788,807 190 3786,ussd,english,12,PARAM_28374114;PARAM_08352538,success,0,no,2004-11-30
2026-03-10 18:27:38,960fae09-d80f-4e81-8089-48e2ac0fe6c3,callback,APP_31415926,434 548 2376,ussd,english,54,PARAM_11112222;PARAM_33334444,failed,0,no,1991-11-08
2026-03-10 18:27:39,c700f03a-cda4-42d2-9a09-c83908f1fd03,callback,APP_10293847,297 219 3592,ivr,sinhala,54,PARAM_28374114;PARAM_08352538,success,1,yes,1999-05-21
