2026-03-07 12:56:00 09:12:47,local.INFO,ca4835c9-796d-34a3-b9ca-32d90907a9b7,consent,APP_21725326,94726563017,digital,english,32,PARAM_28374114;PARAM_08352538,expired,-1,yes,1999-05-17
2026-03-07 12:56:00 09:35:50,ca4835c9-796d-34a3-b9ca-32d90907a9b7,consent,APP_21725326,94726563017,digital,en,32,PARAM_28374114;PARAM_08352538,expired,-1,no,
2026-03-07 12:56:00 09:56:49,ca4835c9-796d-34a3-b9ca-32d90907a9b7,consent,APP_21725326,94726563017,digital,en,32,PARAM_28374114;PARAM_08352538,expired,-1,yes,1999-05-17
2026-03-07 12:56:00 09:15:09,9df331ba-3718-4396-a67f-0eb96f41cfdf,consent,APP_77665544,1306959421,digital,lb,78,PARAM_11112222;PARAM_33334444,expired,0,yes,1966-11-25
2026-03-07 12:56:00 09:58:46,fb94a484-26c8-4c50-ad40-65abd789a7f4,consent,APP_21725326,6152166105,ussd,km,75,PARAM_11112222;PARAM_33334444,success,0,yes,2000-06-07
2026-03-07 12:56:00 09:32:38,34201509-ef47-49c6-a77d-3ebc0056e2f9,consent,APP_21725326,8508595465,sms,za,18,PARAM_55556666;PARAM_77778888,expired,0,no,1992-08-24
2026-03-07 12:56:00 09:45:08,4e8b2b57-7549-4d14-9b80-b1dc881c7191,consent,APP_21725326,7672900272,ussd,ug,51,PARAM_11112222;PARAM_33334444,expired,0,no,1961-06-06
2026-03-07 12:56:00 09:23:45,dec123d2-efe1-4704-b5aa-cfefb1090a96,submit,APP_21725326,5281149825,sms,hy,99,PARAM_11112222;PARAM_33334444,success,-1,no,1939-04-26
2026-03-07 12:56:00 09:05:53,c5ea54c4-5963-4bac-b391-6afdfb97ae16,consent,APP_77665544,4569165208,ussd,ii,46,PARAM_55556666;PARAM_77778888,success,-1,yes,1905-01-21
2026-03-07 12:56:00 09:10:30,aaf93bfa-246b-46ee-8607-37659b799e89,submit,APP_10293847,9144390757,sms,kv,81,PARAM_55556666;PARAM_77778888,expired,-1,yes,1940-01-17
2026-03-07 12:56:00 09:21:17,d1075662-c355-4c8f-947e-66861eb9a43c,consent,APP_10293847,5978060968,digital,li,91,PARAM_11112222;PARAM_33334444,success,-1,no,2003-08-31
2026-03-07 12:56:00 09:39:15,26560055-ff27-4760-85ac-33fb2f4e0f4e,consent,APP_56473829,7669908863,ussd,ts,30,PARAM_28374114;PARAM_08352538,expired,0,yes,1959-06-10
2026-03-07 12:56:00 09:02:38,6deabaac-40c8-4715-9055-d78e71f00023,consent,APP_21725326,8977582546,ussd,jv,91,PARAM_11112222;PARAM_33334444,expired,-1,no,1931-01-27
2026-03-07 12:56:00 09:18:29,491d1e93-e4ef-43ab-a7a6-517a038834b5,submit,APP_77665544,5039932447,digital,ti,8,PARAM_55556666;PARAM_77778888,success,-1,yes,1978-09-16
2026-03-07 12:56:00 09:02:23,b3e72fe3-0a01-4433-b093-5ebb166eca45,consent,APP_56473829,6475819130,sms,nb,83,PARAM_11112222;PARAM_33334444,expired,0,yes,1996-03-31
2026-03-07 12:56:00 09:31:03,0e4cf2f9-d9fd-47e5-b51c-1aa3eabb4748,submit,APP_77665544,2672193753,sms,bi,9,PARAM_28374114;PARAM_08352538,success,0,no,2016-08-11
2026-03-07 12:56:00 09:16:34,7d6a3905-8b94-4527-92fe-8b891d672a13,submit,APP_10293847,5834663370,digital,dv,71,PARAM_28374114;PARAM_08352538,expired,-1,yes,1924-12-06
2026-03-07 12:56:00 09:36:32,97833154-fbb6-4ad5-b294-b34cd0ca5227,submit,APP_56473829,6538702568,ussd,ee,11,PARAM_11112222;PARAM_33334444,expired,0,yes,1978-01-29
2026-03-07 12:56:00 09:18:46,196176e4-c203-48b1-9751-b7ee7fa3217c,consent,APP_10293847,8361720168,digital,az,81,PARAM_28374114;PARAM_08352538,expired,-1,no,1925-06-25
2026-03-07 12:56:00 09:57:26,705a7ee5-bdfa-4cd3-8b01-42e5d39edb68,consent,APP_77665544,9888191731,ussd,en,28,PARAM_11112222;PARAM_33334444,expired,-1,no,1907-08-05
2026-03-07 12:56:00 09:43:46,039d1e88-bb02-4a23-81b1-ba6c436ec8e0,submit,APP_10293847,1685154822,sms,bi,73,PARAM_28374114;PARAM_08352538,expired,-1,no,1917-01-15
2026-03-07 12:56:00 09:44:36,5f25f655-f4b7-4b1e-b827-c5a71ca87a21,consent,APP_21725326,4671355480,digital,co,95,PARAM_28374114;PARAM_08352538,success,0,no,1957-04-03
2026-03-07 12:56:00 09:20:22,82341a71-6364-405e-ad0b-8692ecb33ff8,consent,APP_21725326,7987167753,digital,ja,20,PARAM_28374114;PARAM_08352538,success,0,yes,1946-05-13
2026-03-07 12:56:00 09:07:55,2c528c31-04a8-42ff-ae30-a41a28088c9f,consent,APP_21725326,1711066205,digital,co,53,PARAM_11112222;PARAM_33334444,success,-1,yes,1978-01-15
2026-03-07 12:56:00 09:20:52,364e118f-2f20-4af1-bd05-bbd29fa0bb45,submit,APP_21725326,4272752651,ussd,fo,87,PARAM_11112222;PARAM_33334444,expired,0,yes,1945-07-09
2026-03-07 12:56:00 09:44:08,adfa0d42-e08f-4948-9e23-148cce5f6036,consent,APP_56473829,3769588909,sms,ay,36,PARAM_28374114;PARAM_08352538,success,-1,no,1932-09-15
2026-03-07 12:56:00 09:37:31,fa2fc172-8179-444f-9f3b-3113fb8b87e8,consent,APP_21725326,6025306644,sms,as,57,PARAM_11112222;PARAM_33334444,expired,0,yes,1962-02-06
2026-03-07 12:56:00 09:31:10,79ba7ee1-c2d3-47f3-887d-515bb87c6a65,consent,APP_77665544,7855350018,sms,om,75,PARAM_11112222;PARAM_33334444,expired,0,yes,2006-08-24
2026-03-07 12:56:00 09:19:18,a6ddb4b9-0675-4620-8b03-4d4ccb842f55,submit,APP_10293847,4612166939,sms,oj,79,PARAM_55556666;PARAM_77778888,expired,-1,no,1939-04-15
2026-03-07 12:56:00 09:05:22,488279df-f1c9-45f3-9062-48656ebf30db,submit,APP_56473829,5772729808,ussd,af,92,PARAM_55556666;PARAM_77778888,expired,0,no,1908-12-14
2026-03-07 12:56:00 09:36:40,74d35cae-0ced-496e-828e-27f39c723f80,consent,APP_56473829,4312478600,digital,cy,47,PARAM_28374114;PARAM_08352538,success,0,no,1933-03-05
2026-03-07 12:56:00 09:43:14,484e88fe-83f6-461b-86cb-1ddf8170cef4,submit,APP_21725326,4346755672,sms,os,63,PARAM_11112222;PARAM_33334444,expired,0,no,1913-10-06
2026-03-07 12:56:00 09:05:23,efa6891f-0d2c-4a0f-8558-fabf7b50ae37,consent,APP_77665544,3328914646,sms,nr,28,PARAM_55556666;PARAM_77778888,expired,-1,no,1902-01-06
2026-03-07 12:56:00 09:07:01,72b68b71-6159-41c8-bf2d-7114f44fdff1,consent,APP_21725326,6243247018,ussd,io,26,PARAM_11112222;PARAM_33334444,expired,0,no,2018-07-03
2026-03-07 12:56:00 09:02:05,ef05b99a-ce0c-4e36-9640-31c1f46a30bd,consent,APP_56473829,5021454764,digital,hr,75,PARAM_55556666;PARAM_77778888,success,-1,yes,1987-03-14
2026-03-07 12:56:00 09:36:37,00725982-889d-478a-ac60-fb6e4ba9263d,consent,APP_10293847,8944613686,digital,pt,71,PARAM_11112222;PARAM_33334444,expired,0,no,1913-03-18
2026-03-07 12:56:00 09:56:14,f3b97699-c4b0-452c-ab44-2a49b1498a26,consent,APP_21725326,2565517804,digital,dz,62,PARAM_28374114;PARAM_08352538,success,-1,no,1972-11-01
2026-03-07 12:56:00 09:57:48,ec8e34c9-d2f2-4a63-9c8c-8ef1cf46d9c3,consent,APP_10293847,6801851427,ussd,ss,41,PARAM_55556666;PARAM_77778888,success,0,no,1960-06-04
2026-03-07 12:56:00 09:54:17,806f8d23-27d5-4801-a283-2b35ec333112,consent,APP_21725326,3691465154,ussd,zu,78,PARAM_11112222;PARAM_33334444,success,0,yes,1906-03-16
2026-03-07 12:56:00 09:50:41,91878e28-75fe-4d3a-a503-4f180fac8dbe,consent,APP_77665544,3795125239,digital,so,26,PARAM_28374114;PARAM_08352538,expired,-1,yes,1981-11-04
2026-03-07 12:56:00 09:53:24,aba78199-be81-4ff0-a982-29dcd8012595,consent,APP_10293847,8749646282,sms,an,43,PARAM_55556666;PARAM_77778888,expired,0,no,1981-02-20
2026-03-07 12:56:00 09:03:22,cafc6e26-a5a7-4b5e-822a-06786fda0c6e,submit,APP_10293847,2684055884,digital,ay,92,PARAM_11112222;PARAM_33334444,expired,0,yes,1993-08-11
2026-03-07 12:56:00 09:49:53,aa3270d9-9f9a-4a1a-8a73-becb6d655299,consent,APP_21725326,8276574664,sms,ii,89,PARAM_11112222;PARAM_33334444,expired,0,yes,1941-08-05
2026-03-07 12:56:00 09:25:07,dbc6b677-abec-45c2-b2b7-621324081b2d,consent,APP_21725326,8533334541,ussd,az,44,PARAM_11112222;PARAM_33334444,success,0,no,1996-07-26
2026-03-07 12:56:00 09:32:40,1984f920-5a44-4254-8ba5-af36aedc78cc,consent,APP_56473829,6912601407,digital,ch,21,PARAM_11112222;PARAM_33334444,expired,0,yes,1912-05-19
2026-03-07 12:56:00 09:00:33,43d7af5c-edea-43a8-8b28-3a78aaf5cc69,consent,APP_21725326,3338329725,digital,ku,92,PARAM_55556666;PARAM_77778888,expired,0,no,1989-02-03
2026-03-07 12:56:00 09:12:21,51dd5045-9989-4763-93df-a0811e209181,consent,APP_10293847,3793264556,ussd,kk,77,PARAM_11112222;PARAM_33334444,success,0,yes,1929-08-14
2026-03-07 12:56:00 09:27:01,3d3bd454-c45e-4f79-8852-c48739fbe46a,consent,APP_21725326,6538559857,ussd,en,5,PARAM_28374114;PARAM_08352538,success,0,yes,1962-08-06
2026-03-07 12:56:00 09:18:03,f92e59a1-32b7-4ca2-811d-c648f05c13bf,submit,APP_56473829,4511465527,digital,om,92,PARAM_11112222;PARAM_33334444,success,-1,no,1984-06-28
2026-03-07 12:56:00 09:34:47,b5358b5e-20c9-4ff1-9957-78e2dd36f761,consent,APP_56473829,9049518723,digital,ko,61,PARAM_55556666;PARAM_77778888,success,-1,no,1992-06-18
2026-03-07 12:56:00 09:47:24,2183010c-ac42-44fd-958a-f6a4f8adac32,consent,APP_56473829,2004046021,sms,ve,33,PARAM_55556666;PARAM_77778888,expired,-1,yes,1947-11-21
2026-03-07 12:56:00 09:22:26,4dccf7df-bc92-4a9b-ad37-9336478e6254,consent,APP_56473829,2081686871,ussd,gv,35,PARAM_11112222;PARAM_33334444,expired,-1,yes,1946-09-22
2026-03-07 12:56:00 09:17:58,85414f67-5bae-44a4-8a48-3015f576dd73,consent,APP_77665544,1022081939,sms,ny,3,PARAM_28374114;PARAM_08352538,expired,-1,no,1906-07-31
2026-03-07 12:56:00 09:47:32,27b45cce-5e65-4aca-b763-2b7215b0df72,consent,APP_77665544,2282685137,sms,gu,34,PARAM_55556666;PARAM_77778888,success,0,no,1979-02-24
2026-03-07 12:56:00 09:36:10,643504ab-b21b-402a-9390-65828c3bfed2,consent,APP_56473829,7659662224,digital,la,86,PARAM_11112222;PARAM_33334444,expired,-1,yes,2024-05-31
2026-03-07 12:56:00 09:35:36,446ee882-6c43-4d41-aec8-184f1fa71721,consent,APP_21725326,8656136527,ussd,ab,73,PARAM_11112222;PARAM_33334444,success,-1,no,1943-06-21
2026-03-07 12:56:00 09:07:38,fefece38-2f1b-4000-8cd5-ada684b0fff0,consent,APP_21725326,2523869201,sms,zu,8,PARAM_11112222;PARAM_33334444,success,-1,yes,1904-12-20
2026-03-07 12:56:00 09:48:07,a367860a-4439-4d4f-9a99-5d4a952853ae,consent,APP_77665544,7867192199,digital,sk,79,PARAM_28374114;PARAM_08352538,expired,0,no,1942-03-25
2026-03-07 12:56:00 09:28:01,1aa32c77-cdf0-46d5-9720-13bddbd2582c,consent,APP_21725326,4841509218,ussd,ty,100,PARAM_55556666;PARAM_77778888,expired,0,yes,1971-09-29
2026-03-07 12:56:00 09:58:04,29aa07a2-9324-4719-bc79-e2817d2191cf,consent,APP_77665544,2971738000,ussd,lv,77,PARAM_28374114;PARAM_08352538,expired,-1,yes,1964-08-30
2026-03-07 12:56:00 09:36:15,9073ca59-c8f1-4b02-928e-284914283dd0,consent,APP_10293847,1065321077,ussd,af,90,PARAM_11112222;PARAM_33334444,expired,-1,no,2014-01-25
2026-03-07 12:56:00 09:15:50,bd89e013-bca4-4299-bdd3-3d55debc8800,consent,APP_56473829,4201180413,sms,mh,11,PARAM_55556666;PARAM_77778888,success,0,yes,1947-04-25
2026-03-07 12:56:00 09:35:49,213090ea-0ad0-4a55-99cf-8f0e4802f507,submit,APP_10293847,6051949919,digital,ca,93,PARAM_28374114;PARAM_08352538,expired,0,yes,1925-12-04
2026-03-07 12:56:00 09:52:53,2620c23b-4406-449c-a828-9aa13c190923,consent,APP_21725326,1299870587,ussd,sa,67,PARAM_11112222;PARAM_33334444,expired,-1,yes,2010-01-18
2026-03-07 12:56:00 09:35:10,d704483d-b052-4ab6-ad91-b6324ec77f7e,consent,APP_56473829,8858819270,digital,ve,69,PARAM_11112222;PARAM_33334444,expired,0,no,1990-10-09
2026-03-07 12:56:00 09:37:41,6b1f0927-1a2b-456d-91a6-cbbbacf54b65,consent,APP_56473829,3701138048,digital,ka,35,PARAM_28374114;PARAM_08352538,expired,0,no,1991-02-05
2026-03-07 12:56:00 09:48:01,e13670ee-1f26-4c34-9059-efeb0e288f45,consent,APP_56473829,1108326942,sms,lb,33,PARAM_28374114;PARAM_08352538,success,-1,no,2023-04-11
2026-03-07 12:56:00 09:14:01,24ede994-ef2e-4755-97f0-3d4cb4d8d6bd,consent,APP_56473829,8191767504,ussd,et,14,PARAM_55556666;PARAM_77778888,success,-1,yes,1984-04-04
2026-03-07 12:56:00 09:49:51,12db9e2d-5f7a-416e-b756-76e488710d7a,consent,APP_21725326,7605630098,digital,sc,21,PARAM_28374114;PARAM_08352538,success,-1,yes,1985-03-29
2026-03-07 12:56:00 09:50:21,29328480-9d38-47e2-abc7-640c858f3c35,consent,APP_21725326,5829338247,ussd,an,90,PARAM_55556666;PARAM_77778888,expired,0,yes,1914-02-28
2026-03-07 12:56:00 09:29:55,f7fedcf4-3aab-4bcc-8334-a6ef5beb3101,consent,APP_10293847,1648354443,ussd,km,27,PARAM_28374114;PARAM_08352538,success,0,yes,1964-10-06
2026-03-07 12:56:00 09:24:59,e49a2a83-5a38-4fea-838f-6527840286b7,submit,APP_21725326,9822621704,sms,ny,29,PARAM_28374114;PARAM_08352538,success,0,yes,2021-09-11
2026-03-07 12:56:00 09:32:29,53dc21fc-3ae8-49a7-9692-0af4bc82057a,consent,APP_10293847,5603084640,digital,ss,74,PARAM_28374114;PARAM_08352538,expired,0,no,2023-07-24
2026-03-07 12:56:00 09:58:32,3a5451dc-c5e8-4b57-805f-ef1bf34c4f26,consent,APP_21725326,2233478883,sms,bn,7,PARAM_28374114;PARAM_08352538,expired,-1,no,1919-06-11
2026-03-07 12:56:00 09:24:13,a7964e7f-80e5-46a8-a37e-94f740d1b9e7,consent,APP_21725326,1577239344,digital,cr,86,PARAM_55556666;PARAM_77778888,expired,-1,yes,2017-02-21
2026-03-07 12:56:00 09:32:33,9dc8ef51-c7bb-47b9-bc3c-6107c35eaecc,submit,APP_77665544,4968177989,digital,lu,37,PARAM_11112222;PARAM_33334444,expired,-1,no,1998-05-29
2026-03-07 12:56:00 09:05:03,e1df6113-f13b-41fe-803e-1b8e40aedefc,consent,APP_21725326,3832073551,digital,pt,67,PARAM_28374114;PARAM_08352538,expired,-1,no,1919-06-02
2026-03-07 12:56:00 09:02:32,50c2b7dc-7635-4789-b934-ba09df43c151,submit,APP_21725326,1592972798,sms,th,99,PARAM_28374114;PARAM_08352538,success,-1,yes,1952-04-03
2026-03-07 12:56:00 09:25:50,7c798e23-c550-48d0-94f7-debc8d69c328,consent,APP_56473829,5205394061,sms,kr,12,PARAM_28374114;PARAM_08352538,expired,0,no,2001-03-10
2026-03-07 12:56:00 09:45:49,0ebe7127-32c7-49d0-a785-a78ffbc8cb90,submit,APP_77665544,2749034180,digital,et,71,PARAM_11112222;PARAM_33334444,expired,-1,no,1946-03-31
2026-03-07 12:56:00 09:26:50,d53032c8-24d6-4fbe-91f6-d8c670a012f0,consent,APP_77665544,2832784815,sms,tr,81,PARAM_28374114;PARAM_08352538,expired,-1,yes,2010-11-25
2026-03-07 12:56:00 09:04:11,b4151c20-31f3-4188-8e31-afb116370ff5,consent,APP_77665544,5687762916,sms,gn,76,PARAM_55556666;PARAM_77778888,expired,0,yes,1920-08-30
2026-03-07 12:56:00 09:06:04,6124eb28-f1aa-4c5a-b231-cce37c23e5e4,submit,APP_56473829,5393336926,ussd,li,88,PARAM_11112222;PARAM_33334444,expired,-1,no,2012-12-21
2026-03-07 12:56:00 09:55:32,af9e2328-ff39-4de9-be1f-beeaca2e289a,submit,APP_10293847,6339071655,digital,ta,25,PARAM_55556666;PARAM_77778888,expired,-1,no,1932-04-14
2026-03-07 12:56:00 09:35:51,a609325d-0ded-4e49-b4c6-e7b6a07b03a7,consent,APP_77665544,6438726941,sms,ka,75,PARAM_55556666;PARAM_77778888,expired,-1,no,1978-11-26
2026-03-07 12:56:00 09:52:28,2ebf2a0e-ef5b-4035-81c8-61f2f104349f,submit,APP_77665544,8043230413,digital,my,26,PARAM_55556666;PARAM_77778888,success,0,no,2016-06-07
2026-03-07 12:56:00 09:28:11,eb4cefbe-0338-41a2-91d2-87ece410c3ca,submit,APP_56473829,5295734817,digital,de,66,PARAM_11112222;PARAM_33334444,success,0,yes,1983-10-26
2026-03-07 12:56:00 09:06:43,2c6e648a-3afb-41fb-acba-3bd93e1c05d9,consent,APP_21725326,1824413635,ussd,pi,64,PARAM_11112222;PARAM_33334444,expired,0,no,1906-04-12
2026-03-07 12:56:00 09:33:55,3b5cea94-0406-4e00-8ead-4477389c860b,consent,APP_56473829,2679707569,sms,ka,22,PARAM_11112222;PARAM_33334444,expired,-1,yes,1952-04-28
2026-03-07 12:56:00 09:22:03,0aaa1560-df07-4814-9431-491d2e49fda3,consent,APP_77665544,7058737369,sms,lo,28,PARAM_55556666;PARAM_77778888,success,-1,no,1994-01-09
2026-03-07 12:56:00 09:10:48,ebb5c38f-aa28-4e70-b1e5-624a50addec9,consent,APP_56473829,4721539329,ussd,dv,51,PARAM_28374114;PARAM_08352538,success,-1,yes,2019-08-14
2026-03-07 12:56:00 09:31:18,f2f3f29b-ed61-4715-b9b2-e8d90e8367c9,consent,APP_77665544,5268851044,sms,as,41,PARAM_28374114;PARAM_08352538,success,-1,yes,1990-02-14
2026-03-07 12:56:00 09:48:30,a0baaefd-1533-4592-9a6a-2e849ba1e9fe,submit,APP_77665544,9468887427,sms,os,62,PARAM_11112222;PARAM_33334444,expired,0,yes,1910-07-15
2026-03-07 12:56:00 09:45:08,fffc7c38-cfb8-43d6-abea-fd2f0d3d0642,consent,APP_56473829,8692726089,digital,ug,99,PARAM_11112222;PARAM_33334444,expired,0,yes,1954-12-30
2026-03-07 12:56:00 09:08:08,6c1a4511-acbd-40b3-8c20-dacfa7157a85,consent,APP_21725326,8563040697,sms,hz,75,PARAM_55556666;PARAM_77778888,success,0,yes,1973-08-22
2026-03-07 12:56:00 09:34:15,4e0dac67-8e48-4214-985f-6460ddb5f4c3,consent,APP_77665544,1104009033,sms,gn,14,PARAM_55556666;PARAM_77778888,expired,0,yes,1938-09-18
2026-03-07 12:56:00 09:08:53,1726f1d3-5795-4ed1-8814-2f99149fe43b,submit,APP_77665544,1849671771,digital,rm,53,PARAM_28374114;PARAM_08352538,expired,-1,yes,1940-05-22
2026-03-07 12:56:00 09:33:54,4d9e0850-d255-4cf1-abb7-e30d000f0338,consent,APP_10293847,5249075851,digital,bg,80,PARAM_55556666;PARAM_77778888,expired,-1,yes,1901-08-20
2026-03-07 12:56:00 09:37:27,e255403d-2152-4ba1-b10c-25eb13c24efe,consent,APP_21725326,6701040427,digital,lb,75,PARAM_11112222;PARAM_33334444,expired,-1,yes,1984-07-28
2026-03-07 12:56:00 09:36:07,3f5c0c84-919a-4cab-95a9-99f1badbf0e9,consent,APP_21725326,2215807431,ussd,sr,46,PARAM_11112222;PARAM_33334444,expired,0,yes,1929-03-29
2026-03-07 12:56:00 09:09:34,cfbaa505-b565-4375-89fc-833ca0ec20a3,consent,APP_56473829,8342101415,digital,hu,19,PARAM_28374114;PARAM_08352538,success,-1,yes,1996-10-12
2026-03-07 12:56:00 09:05:24,29131ccd-48f7-404c-b72a-1a20ddfc4dfc,consent,APP_21725326,6121025768,ussd,ts,92,PARAM_55556666;PARAM_77778888,expired,-1,no,1975-09-01
2026-03-07 12:56:00 09:30:29,ea73b98d-08b4-4493-8645-b826675bde15,consent,APP_10293847,2474774288,ussd,lb,33,PARAM_11112222;PARAM_33334444,expired,-1,yes,1964-06-09
